<?xml version="1.0" encoding="UTF-8"?>
<!-- Generated by org.testng.reporters.JUnitReportReporter -->
<testsuite hostname="DESKTOP-RGU3BLL" failures="0" tests="1" name="aPages.AHome" time="46.347" errors="0" timestamp="2023-02-04T16:36:39 IST" skipped="0">
  <testcase classname="aPages.AHome" name="aNavigate" time="46.347"/>
  <system-out/>
</testsuite> <!-- aPages.AHome -->
