<?xml version="1.0" encoding="UTF-8"?>
<!-- Generated by org.testng.reporters.JUnitReportReporter -->
<testsuite hostname="DESKTOP-RGU3BLL" failures="0" tests="2" name="aPages.Alogin" time="94.658" errors="0" timestamp="2023-02-04T16:36:39 IST" skipped="0">
  <testcase classname="aPages.Alogin" name="LogNavigate" time="47.350"/>
  <system-out/>
  <testcase classname="aPages.Alogin" name="LogNavigate" time="47.308"/>
  <system-out/>
</testsuite> <!-- aPages.Alogin -->
